2019-02-01 09:28:46.956  INFO 8272 --- [main] c.e.restproyect.RestSimuganApplication   : Starting RestSimuganApplication on SDC32 with PID 8272 (C:\Users\maximiliano.roselli\Desktop\NewFolder\Rest\RESTSimugan\target\classes started by maximiliano.roselli in C:\Users\maximiliano.roselli\Desktop\NewFolder\Rest\RESTSimugan)
2019-02-01 09:28:46.971  INFO 8272 --- [main] c.e.restproyect.RestSimuganApplication   : No active profile set, falling back to default profiles: default
2019-02-01 09:28:48.370  INFO 8272 --- [main] .s.d.r.c.RepositoryConfigurationDelegate : Bootstrapping Spring Data repositories in DEFAULT mode.
2019-02-01 09:28:48.406  INFO 8272 --- [main] .s.d.r.c.RepositoryConfigurationDelegate : Finished Spring Data repository scanning in 26ms. Found 0 repository interfaces.
2019-02-01 09:28:48.965  INFO 8272 --- [main] trationDelegate$BeanPostProcessorChecker : Bean 'org.springframework.transaction.annotation.ProxyTransactionManagementConfiguration' of type [org.springframework.transaction.annotation.ProxyTransactionManagementConfiguration$$EnhancerBySpringCGLIB$$6c4b6622] is not eligible for getting processed by all BeanPostProcessors (for example: not eligible for auto-proxying)
2019-02-01 09:28:49.477  INFO 8272 --- [main] o.s.b.w.embedded.tomcat.TomcatWebServer  : Tomcat initialized with port(s): 8080 (http)
2019-02-01 09:28:49.508  INFO 8272 --- [main] o.apache.catalina.core.StandardService   : Starting service [Tomcat]
2019-02-01 09:28:49.509  INFO 8272 --- [main] org.apache.catalina.core.StandardEngine  : Starting Servlet Engine: Apache Tomcat/9.0.12
2019-02-01 09:28:49.522  INFO 8272 --- [main] o.a.catalina.core.AprLifecycleListener   : The APR based Apache Tomcat Native library which allows optimal performance in production environments was not found on the java.library.path: [Y:\jdk1.8.0_25-x64\bin;C:\windows\Sun\Java\bin;C:\windows\system32;C:\windows;Y:\jdk1.8.0_25-x64\jre\bin;Y:/jdk1.8.0_25-x64/jre/bin/server;Y:/jdk1.8.0_25-x64/jre/bin;Y:/jdk1.8.0_25-x64/jre/lib/amd64;C:\ProgramData\Oracle\Java\javapath;C:\windows\system32;C:\windows;C:\windows\System32\Wbem;C:\windows\System32\WindowsPowerShell\v1.0\;C:\Program Files (x86)\Windows Kits\8.1\Windows Performance Toolkit\;C:\Program Files\Microsoft SQL Server\110\Tools\Binn\;C:\Program Files (x86)\Microsoft SDKs\TypeScript\1.0\;C:\Program Files\Microsoft SQL Server\120\Tools\Binn\;C:\Program Files\Git\cmd;C:\Program Files\nodejs\;Y:\jdk1.8.0_25-x64\bin;Y:\apache-maven-3.2.5\bin;Y:\apache-maven-3.2.5\bin;C:\Users\maximiliano.roselli\AppData\Roaming\npm;C:\Users\maximiliano.roselli\AppData\Local\Programs\Microsoft VS Code\bin;C:\windows\system32;;.]
2019-02-01 09:28:49.759  INFO 8272 --- [main] o.a.c.c.C.[Tomcat].[localhost].[/]       : Initializing Spring embedded WebApplicationContext
2019-02-01 09:28:49.759  INFO 8272 --- [main] o.s.web.context.ContextLoader            : Root WebApplicationContext: initialization completed in 2707 ms
2019-02-01 09:28:49.802  INFO 8272 --- [main] o.s.b.w.servlet.ServletRegistrationBean  : Servlet dispatcherServlet mapped to [/]
2019-02-01 09:28:49.807  INFO 8272 --- [main] o.s.b.w.servlet.FilterRegistrationBean   : Mapping filter: 'characterEncodingFilter' to: [/*]
2019-02-01 09:28:49.808  INFO 8272 --- [main] o.s.b.w.servlet.FilterRegistrationBean   : Mapping filter: 'hiddenHttpMethodFilter' to: [/*]
2019-02-01 09:28:49.808  INFO 8272 --- [main] o.s.b.w.servlet.FilterRegistrationBean   : Mapping filter: 'formContentFilter' to: [/*]
2019-02-01 09:28:49.808  INFO 8272 --- [main] o.s.b.w.servlet.FilterRegistrationBean   : Mapping filter: 'requestContextFilter' to: [/*]
2019-02-01 09:28:49.808  INFO 8272 --- [main] o.s.b.w.servlet.FilterRegistrationBean   : Mapping filter: 'CORSFilter' to: [/*]
2019-02-01 09:28:49.982  INFO 8272 --- [main] com.zaxxer.hikari.HikariDataSource       : HikariPool-1 - Starting...
2019-02-01 09:28:50.205  INFO 8272 --- [main] com.zaxxer.hikari.HikariDataSource       : HikariPool-1 - Start completed.
2019-02-01 09:28:51.622  INFO 8272 --- [main] j.LocalContainerEntityManagerFactoryBean : Initialized JPA EntityManagerFactory for persistence unit 'default'
2019-02-01 09:28:52.009  INFO 8272 --- [main] o.s.s.concurrent.ThreadPoolTaskExecutor  : Initializing ExecutorService 'applicationTaskExecutor'
2019-02-01 09:28:52.087  WARN 8272 --- [main] aWebConfiguration$JpaWebMvcConfiguration : spring.jpa.open-in-view is enabled by default. Therefore, database queries may be performed during view rendering. Explicitly configure spring.jpa.open-in-view to disable this warning
2019-02-01 09:28:52.353  INFO 8272 --- [main] o.s.s.c.ThreadPoolTaskScheduler          : Initializing ExecutorService
2019-02-01 09:28:52.439  INFO 8272 --- [main] o.s.b.w.embedded.tomcat.TomcatWebServer  : Tomcat started on port(s): 8080 (http) with context path ''
2019-02-01 09:28:52.442  INFO 8272 --- [main] c.e.restproyect.RestSimuganApplication   : Started RestSimuganApplication in 6.144 seconds (JVM running for 7.143)
2019-02-01 09:29:07.937  INFO 8272 --- [http-nio-8080-exec-1] o.a.c.c.C.[Tomcat].[localhost].[/]       : Initializing Spring DispatcherServlet 'dispatcherServlet'
2019-02-01 09:29:07.938  INFO 8272 --- [http-nio-8080-exec-1] o.s.web.servlet.DispatcherServlet        : Initializing Servlet 'dispatcherServlet'
2019-02-01 09:29:07.947  INFO 8272 --- [http-nio-8080-exec-1] o.s.web.servlet.DispatcherServlet        : Completed initialization in 9 ms
2019-02-01 09:29:08.468  INFO 8272 --- [http-nio-8080-exec-1] c.e.r.logicanegocio.GeneradorService     : Terminando generacion de potreros
2019-02-01 09:29:12.292  INFO 8272 --- [pool-2-thread-1] c.e.r.hilos.tareas.TareaDigestibilidad   : INICIO DE LA TAREA Tarea Digestibilidad [0] DEL THREAD [pool-2-thread-1]
2019-02-01 09:29:12.292  INFO 8272 --- [pool-2-thread-2] c.e.r.hilos.tareas.TareaDigestibilidad   : INICIO DE LA TAREA Tarea Digestibilidad [1] DEL THREAD [pool-2-thread-2]
2019-02-01 09:29:12.306  INFO 8272 --- [pool-2-thread-2] c.e.r.hilos.tareas.TareaDigestibilidad   : Variacion numero[0] de la tarea numero [1] con el Thread [pool-2-thread-2]
2019-02-01 09:29:12.306  INFO 8272 --- [pool-2-thread-1] c.e.r.hilos.tareas.TareaDigestibilidad   : Variacion numero[0] de la tarea numero [0] con el Thread [pool-2-thread-1]
2019-02-01 09:29:12.307  INFO 8272 --- [pool-2-thread-2] c.e.r.hilos.tareas.TareaDigestibilidad   : Variacion numero[0] de la tarea numero [1] con el Thread [pool-2-thread-2]
2019-02-01 09:29:12.307  INFO 8272 --- [pool-2-thread-1] c.e.r.hilos.tareas.TareaDigestibilidad   : Variacion numero[0] de la tarea numero [0] con el Thread [pool-2-thread-1]
2019-02-01 09:29:12.317  INFO 8272 --- [pool-2-thread-2] c.e.r.hilos.tareas.TareaDigestibilidad   : Variacion numero[1] de la tarea numero [1] con el Thread [pool-2-thread-2]
2019-02-01 09:29:12.317  INFO 8272 --- [pool-2-thread-2] c.e.r.hilos.tareas.TareaDigestibilidad   : Variacion numero[1] de la tarea numero [1] con el Thread [pool-2-thread-2]
2019-02-01 09:29:12.318 DEBUG 8272 --- [pool-2-thread-2] c.e.r.hilos.tareas.TareaDigestibilidad   : FIN DE LA TAREA [1] DEL THREAD [pool-2-thread-2]
2019-02-01 09:29:12.320  INFO 8272 --- [pool-2-thread-1] c.e.r.hilos.tareas.TareaDigestibilidad   : Variacion numero[1] de la tarea numero [0] con el Thread [pool-2-thread-1]
2019-02-01 09:29:12.320  INFO 8272 --- [pool-2-thread-1] c.e.r.hilos.tareas.TareaDigestibilidad   : Variacion numero[1] de la tarea numero [0] con el Thread [pool-2-thread-1]
2019-02-01 09:29:12.320 DEBUG 8272 --- [pool-2-thread-1] c.e.r.hilos.tareas.TareaDigestibilidad   : FIN DE LA TAREA [0] DEL THREAD [pool-2-thread-1]
2019-02-01 09:29:12.322  INFO 8272 --- [http-nio-8080-exec-1] c.e.r.logicanegocio.GeneradorService     : Terminando generacion de Diferido en[0.0] segundos
2019-02-01 09:29:12.326 DEBUG 8272 --- [pool-3-thread-2] c.e.r.hilos.tareas.TareaEngorde          : INICIO DE LA TAREA Tarea Engorde [1] DEL THREAD [pool-3-thread-2]
2019-02-01 09:29:12.327 DEBUG 8272 --- [pool-3-thread-4] c.e.r.hilos.tareas.TareaEngorde          : INICIO DE LA TAREA Tarea Engorde [3] DEL THREAD [pool-3-thread-4]
2019-02-01 09:29:12.326 DEBUG 8272 --- [pool-3-thread-1] c.e.r.hilos.tareas.TareaEngorde          : INICIO DE LA TAREA Tarea Engorde [0] DEL THREAD [pool-3-thread-1]
2019-02-01 09:29:12.327 DEBUG 8272 --- [pool-3-thread-3] c.e.r.hilos.tareas.TareaEngorde          : INICIO DE LA TAREA Tarea Engorde [2] DEL THREAD [pool-3-thread-3]
2019-02-01 09:29:12.338 DEBUG 8272 --- [pool-3-thread-4] c.e.r.hilos.tareas.TareaEngorde          : Variacion numero[0] de la tarea numero [3] con el Thread [pool-3-thread-4]
2019-02-01 09:29:12.339 DEBUG 8272 --- [pool-3-thread-1] c.e.r.hilos.tareas.TareaEngorde          : Variacion numero[0] de la tarea numero [0] con el Thread [pool-3-thread-1]
2019-02-01 09:29:12.339 DEBUG 8272 --- [pool-3-thread-2] c.e.r.hilos.tareas.TareaEngorde          : Variacion numero[0] de la tarea numero [1] con el Thread [pool-3-thread-2]
2019-02-01 09:29:12.350 DEBUG 8272 --- [pool-3-thread-3] c.e.r.hilos.tareas.TareaEngorde          : Variacion numero[0] de la tarea numero [2] con el Thread [pool-3-thread-3]
2019-02-01 09:29:12.353 DEBUG 8272 --- [pool-3-thread-1] c.e.r.hilos.tareas.TareaEngorde          : Variacion numero[1] de la tarea numero [0] con el Thread [pool-3-thread-1]
2019-02-01 09:29:12.353 DEBUG 8272 --- [pool-3-thread-1] c.e.r.hilos.tareas.TareaEngorde          : FIN DE LA TAREA [0] DEL THREAD [pool-3-thread-1]
2019-02-01 09:29:12.353 DEBUG 8272 --- [pool-3-thread-2] c.e.r.hilos.tareas.TareaEngorde          : Variacion numero[1] de la tarea numero [1] con el Thread [pool-3-thread-2]
2019-02-01 09:29:12.353 DEBUG 8272 --- [pool-3-thread-2] c.e.r.hilos.tareas.TareaEngorde          : FIN DE LA TAREA [1] DEL THREAD [pool-3-thread-2]
2019-02-01 09:29:12.355 DEBUG 8272 --- [pool-3-thread-4] c.e.r.hilos.tareas.TareaEngorde          : Variacion numero[1] de la tarea numero [3] con el Thread [pool-3-thread-4]
2019-02-01 09:29:12.355 DEBUG 8272 --- [pool-3-thread-4] c.e.r.hilos.tareas.TareaEngorde          : FIN DE LA TAREA [3] DEL THREAD [pool-3-thread-4]
2019-02-01 09:29:12.365 DEBUG 8272 --- [pool-3-thread-3] c.e.r.hilos.tareas.TareaEngorde          : Variacion numero[1] de la tarea numero [2] con el Thread [pool-3-thread-3]
2019-02-01 09:29:12.366 DEBUG 8272 --- [pool-3-thread-3] c.e.r.hilos.tareas.TareaEngorde          : FIN DE LA TAREA [2] DEL THREAD [pool-3-thread-3]
2019-02-01 09:29:19.892  INFO 8272 --- [http-nio-8080-exec-1] c.e.r.logicanegocio.GeneradorService     : Terminando generacion de engorde [7.0] segundos
2019-02-01 09:29:19.892  INFO 8272 --- [http-nio-8080-exec-1] c.e.r.logicanegocio.GeneradorService     : Terminando la generacion de [8] escenarios
2019-02-01 09:31:23.522  INFO 1836 --- [main] c.e.restproyect.RestSimuganApplication   : Starting RestSimuganApplication on SDC32 with PID 1836 (C:\Users\maximiliano.roselli\Desktop\NewFolder\Rest\RESTSimugan\target\classes started by maximiliano.roselli in C:\Users\maximiliano.roselli\Desktop\NewFolder\Rest\RESTSimugan)
2019-02-01 09:31:23.528  INFO 1836 --- [main] c.e.restproyect.RestSimuganApplication   : No active profile set, falling back to default profiles: default
2019-02-01 09:31:24.731  INFO 1836 --- [main] .s.d.r.c.RepositoryConfigurationDelegate : Bootstrapping Spring Data repositories in DEFAULT mode.
2019-02-01 09:31:24.770  INFO 1836 --- [main] .s.d.r.c.RepositoryConfigurationDelegate : Finished Spring Data repository scanning in 26ms. Found 0 repository interfaces.
2019-02-01 09:31:25.323  INFO 1836 --- [main] trationDelegate$BeanPostProcessorChecker : Bean 'org.springframework.transaction.annotation.ProxyTransactionManagementConfiguration' of type [org.springframework.transaction.annotation.ProxyTransactionManagementConfiguration$$EnhancerBySpringCGLIB$$85792988] is not eligible for getting processed by all BeanPostProcessors (for example: not eligible for auto-proxying)
2019-02-01 09:31:25.818  INFO 1836 --- [main] o.s.b.w.embedded.tomcat.TomcatWebServer  : Tomcat initialized with port(s): 8080 (http)
2019-02-01 09:31:25.847  INFO 1836 --- [main] o.apache.catalina.core.StandardService   : Starting service [Tomcat]
2019-02-01 09:31:25.848  INFO 1836 --- [main] org.apache.catalina.core.StandardEngine  : Starting Servlet Engine: Apache Tomcat/9.0.12
2019-02-01 09:31:25.871  INFO 1836 --- [main] o.a.catalina.core.AprLifecycleListener   : The APR based Apache Tomcat Native library which allows optimal performance in production environments was not found on the java.library.path: [Y:\jdk1.8.0_25-x64\bin;C:\windows\Sun\Java\bin;C:\windows\system32;C:\windows;Y:\jdk1.8.0_25-x64\jre\bin;Y:/jdk1.8.0_25-x64/jre/bin/server;Y:/jdk1.8.0_25-x64/jre/bin;Y:/jdk1.8.0_25-x64/jre/lib/amd64;C:\ProgramData\Oracle\Java\javapath;C:\windows\system32;C:\windows;C:\windows\System32\Wbem;C:\windows\System32\WindowsPowerShell\v1.0\;C:\Program Files (x86)\Windows Kits\8.1\Windows Performance Toolkit\;C:\Program Files\Microsoft SQL Server\110\Tools\Binn\;C:\Program Files (x86)\Microsoft SDKs\TypeScript\1.0\;C:\Program Files\Microsoft SQL Server\120\Tools\Binn\;C:\Program Files\Git\cmd;C:\Program Files\nodejs\;Y:\jdk1.8.0_25-x64\bin;Y:\apache-maven-3.2.5\bin;Y:\apache-maven-3.2.5\bin;C:\Users\maximiliano.roselli\AppData\Roaming\npm;C:\Users\maximiliano.roselli\AppData\Local\Programs\Microsoft VS Code\bin;C:\windows\system32;;.]
2019-02-01 09:31:26.037  INFO 1836 --- [main] o.a.c.c.C.[Tomcat].[localhost].[/]       : Initializing Spring embedded WebApplicationContext
2019-02-01 09:31:26.038  INFO 1836 --- [main] o.s.web.context.ContextLoader            : Root WebApplicationContext: initialization completed in 2437 ms
2019-02-01 09:31:26.128  INFO 1836 --- [main] o.s.b.w.servlet.ServletRegistrationBean  : Servlet dispatcherServlet mapped to [/]
2019-02-01 09:31:26.138  INFO 1836 --- [main] o.s.b.w.servlet.FilterRegistrationBean   : Mapping filter: 'characterEncodingFilter' to: [/*]
2019-02-01 09:31:26.139  INFO 1836 --- [main] o.s.b.w.servlet.FilterRegistrationBean   : Mapping filter: 'hiddenHttpMethodFilter' to: [/*]
2019-02-01 09:31:26.139  INFO 1836 --- [main] o.s.b.w.servlet.FilterRegistrationBean   : Mapping filter: 'formContentFilter' to: [/*]
2019-02-01 09:31:26.139  INFO 1836 --- [main] o.s.b.w.servlet.FilterRegistrationBean   : Mapping filter: 'requestContextFilter' to: [/*]
2019-02-01 09:31:26.146  INFO 1836 --- [main] o.s.b.w.servlet.FilterRegistrationBean   : Mapping filter: 'CORSFilter' to: [/*]
2019-02-01 09:31:26.300  INFO 1836 --- [main] com.zaxxer.hikari.HikariDataSource       : HikariPool-1 - Starting...
2019-02-01 09:31:26.500  INFO 1836 --- [main] com.zaxxer.hikari.HikariDataSource       : HikariPool-1 - Start completed.
2019-02-01 09:31:27.899  INFO 1836 --- [main] j.LocalContainerEntityManagerFactoryBean : Initialized JPA EntityManagerFactory for persistence unit 'default'
2019-02-01 09:31:27.917  WARN 1836 --- [main] ConfigServletWebServerApplicationContext : Exception encountered during context initialization - cancelling refresh attempt: org.springframework.beans.factory.UnsatisfiedDependencyException: Error creating bean with name 'calculadorExperimentacion' defined in file [C:\Users\maximiliano.roselli\Desktop\NewFolder\Rest\RESTSimugan\target\classes\com\example\restproyect\calculadores\CalculadorExperimentacion.class]: Unsatisfied dependency expressed through constructor parameter 0; nested exception is org.springframework.beans.factory.NoSuchBeanDefinitionException: No qualifying bean of type 'java.lang.String' available: expected at least 1 bean which qualifies as autowire candidate. Dependency annotations: {}
2019-02-01 09:31:27.917  INFO 1836 --- [main] j.LocalContainerEntityManagerFactoryBean : Closing JPA EntityManagerFactory for persistence unit 'default'
2019-02-01 09:31:27.932  INFO 1836 --- [main] com.zaxxer.hikari.HikariDataSource       : HikariPool-1 - Shutdown initiated...
2019-02-01 09:31:27.937  INFO 1836 --- [main] com.zaxxer.hikari.HikariDataSource       : HikariPool-1 - Shutdown completed.
2019-02-01 09:31:27.947  INFO 1836 --- [main] o.apache.catalina.core.StandardService   : Stopping service [Tomcat]
2019-02-01 09:31:27.964  INFO 1836 --- [main] ConditionEvaluationReportLoggingListener : 

Error starting ApplicationContext. To display the conditions report re-run your application with 'debug' enabled.
2019-02-01 09:31:28.138 ERROR 1836 --- [main] o.s.b.d.LoggingFailureAnalysisReporter   : 

***************************
APPLICATION FAILED TO START
***************************

Description:

Parameter 0 of constructor in com.example.restproyect.calculadores.CalculadorExperimentacion required a bean of type 'java.lang.String' that could not be found.


Action:

Consider defining a bean of type 'java.lang.String' in your configuration.

2019-02-01 09:31:43.808  INFO 2512 --- [main] c.e.restproyect.RestSimuganApplication   : Starting RestSimuganApplication on SDC32 with PID 2512 (C:\Users\maximiliano.roselli\Desktop\NewFolder\Rest\RESTSimugan\target\classes started by maximiliano.roselli in C:\Users\maximiliano.roselli\Desktop\NewFolder\Rest\RESTSimugan)
2019-02-01 09:31:43.813  INFO 2512 --- [main] c.e.restproyect.RestSimuganApplication   : No active profile set, falling back to default profiles: default
2019-02-01 09:31:44.914  INFO 2512 --- [main] .s.d.r.c.RepositoryConfigurationDelegate : Bootstrapping Spring Data repositories in DEFAULT mode.
2019-02-01 09:31:44.961  INFO 2512 --- [main] .s.d.r.c.RepositoryConfigurationDelegate : Finished Spring Data repository scanning in 31ms. Found 0 repository interfaces.
2019-02-01 09:31:45.512  INFO 2512 --- [main] trationDelegate$BeanPostProcessorChecker : Bean 'org.springframework.transaction.annotation.ProxyTransactionManagementConfiguration' of type [org.springframework.transaction.annotation.ProxyTransactionManagementConfiguration$$EnhancerBySpringCGLIB$$b50d7199] is not eligible for getting processed by all BeanPostProcessors (for example: not eligible for auto-proxying)
2019-02-01 09:31:46.024  INFO 2512 --- [main] o.s.b.w.embedded.tomcat.TomcatWebServer  : Tomcat initialized with port(s): 8080 (http)
2019-02-01 09:31:46.062  INFO 2512 --- [main] o.apache.catalina.core.StandardService   : Starting service [Tomcat]
2019-02-01 09:31:46.063  INFO 2512 --- [main] org.apache.catalina.core.StandardEngine  : Starting Servlet Engine: Apache Tomcat/9.0.12
2019-02-01 09:31:46.085  INFO 2512 --- [main] o.a.catalina.core.AprLifecycleListener   : The APR based Apache Tomcat Native library which allows optimal performance in production environments was not found on the java.library.path: [Y:\jdk1.8.0_25-x64\bin;C:\windows\Sun\Java\bin;C:\windows\system32;C:\windows;Y:\jdk1.8.0_25-x64\jre\bin;Y:/jdk1.8.0_25-x64/jre/bin/server;Y:/jdk1.8.0_25-x64/jre/bin;Y:/jdk1.8.0_25-x64/jre/lib/amd64;C:\ProgramData\Oracle\Java\javapath;C:\windows\system32;C:\windows;C:\windows\System32\Wbem;C:\windows\System32\WindowsPowerShell\v1.0\;C:\Program Files (x86)\Windows Kits\8.1\Windows Performance Toolkit\;C:\Program Files\Microsoft SQL Server\110\Tools\Binn\;C:\Program Files (x86)\Microsoft SDKs\TypeScript\1.0\;C:\Program Files\Microsoft SQL Server\120\Tools\Binn\;C:\Program Files\Git\cmd;C:\Program Files\nodejs\;Y:\jdk1.8.0_25-x64\bin;Y:\apache-maven-3.2.5\bin;Y:\apache-maven-3.2.5\bin;C:\Users\maximiliano.roselli\AppData\Roaming\npm;C:\Users\maximiliano.roselli\AppData\Local\Programs\Microsoft VS Code\bin;C:\windows\system32;;.]
2019-02-01 09:31:46.235  INFO 2512 --- [main] o.a.c.c.C.[Tomcat].[localhost].[/]       : Initializing Spring embedded WebApplicationContext
2019-02-01 09:31:46.236  INFO 2512 --- [main] o.s.web.context.ContextLoader            : Root WebApplicationContext: initialization completed in 2351 ms
2019-02-01 09:31:46.325  INFO 2512 --- [main] o.s.b.w.servlet.ServletRegistrationBean  : Servlet dispatcherServlet mapped to [/]
2019-02-01 09:31:46.334  INFO 2512 --- [main] o.s.b.w.servlet.FilterRegistrationBean   : Mapping filter: 'characterEncodingFilter' to: [/*]
2019-02-01 09:31:46.335  INFO 2512 --- [main] o.s.b.w.servlet.FilterRegistrationBean   : Mapping filter: 'hiddenHttpMethodFilter' to: [/*]
2019-02-01 09:31:46.335  INFO 2512 --- [main] o.s.b.w.servlet.FilterRegistrationBean   : Mapping filter: 'formContentFilter' to: [/*]
2019-02-01 09:31:46.335  INFO 2512 --- [main] o.s.b.w.servlet.FilterRegistrationBean   : Mapping filter: 'requestContextFilter' to: [/*]
2019-02-01 09:31:46.343  INFO 2512 --- [main] o.s.b.w.servlet.FilterRegistrationBean   : Mapping filter: 'CORSFilter' to: [/*]
2019-02-01 09:31:46.506  INFO 2512 --- [main] com.zaxxer.hikari.HikariDataSource       : HikariPool-1 - Starting...
2019-02-01 09:31:46.694  INFO 2512 --- [main] com.zaxxer.hikari.HikariDataSource       : HikariPool-1 - Start completed.
2019-02-01 09:31:48.066  INFO 2512 --- [main] j.LocalContainerEntityManagerFactoryBean : Initialized JPA EntityManagerFactory for persistence unit 'default'
2019-02-01 09:31:48.083  WARN 2512 --- [main] ConfigServletWebServerApplicationContext : Exception encountered during context initialization - cancelling refresh attempt: org.springframework.beans.factory.UnsatisfiedDependencyException: Error creating bean with name 'calculadorExperimentacion' defined in file [C:\Users\maximiliano.roselli\Desktop\NewFolder\Rest\RESTSimugan\target\classes\com\example\restproyect\calculadores\CalculadorExperimentacion.class]: Unsatisfied dependency expressed through constructor parameter 0; nested exception is org.springframework.beans.factory.NoSuchBeanDefinitionException: No qualifying bean of type 'java.lang.String' available: expected at least 1 bean which qualifies as autowire candidate. Dependency annotations: {}
2019-02-01 09:31:48.083  INFO 2512 --- [main] j.LocalContainerEntityManagerFactoryBean : Closing JPA EntityManagerFactory for persistence unit 'default'
2019-02-01 09:31:48.100  INFO 2512 --- [main] com.zaxxer.hikari.HikariDataSource       : HikariPool-1 - Shutdown initiated...
2019-02-01 09:31:48.104  INFO 2512 --- [main] com.zaxxer.hikari.HikariDataSource       : HikariPool-1 - Shutdown completed.
2019-02-01 09:31:48.114  INFO 2512 --- [main] o.apache.catalina.core.StandardService   : Stopping service [Tomcat]
2019-02-01 09:31:48.131  INFO 2512 --- [main] ConditionEvaluationReportLoggingListener : 

Error starting ApplicationContext. To display the conditions report re-run your application with 'debug' enabled.
2019-02-01 09:31:48.309 ERROR 2512 --- [main] o.s.b.d.LoggingFailureAnalysisReporter   : 

***************************
APPLICATION FAILED TO START
***************************

Description:

Parameter 0 of constructor in com.example.restproyect.calculadores.CalculadorExperimentacion required a bean of type 'java.lang.String' that could not be found.


Action:

Consider defining a bean of type 'java.lang.String' in your configuration.

2019-02-01 09:32:32.369  INFO 6724 --- [main] c.e.restproyect.RestSimuganApplication   : Starting RestSimuganApplication on SDC32 with PID 6724 (C:\Users\maximiliano.roselli\Desktop\NewFolder\Rest\RESTSimugan\target\classes started by maximiliano.roselli in C:\Users\maximiliano.roselli\Desktop\NewFolder\Rest\RESTSimugan)
2019-02-01 09:32:32.375  INFO 6724 --- [main] c.e.restproyect.RestSimuganApplication   : No active profile set, falling back to default profiles: default
2019-02-01 09:32:33.481  INFO 6724 --- [main] .s.d.r.c.RepositoryConfigurationDelegate : Bootstrapping Spring Data repositories in DEFAULT mode.
2019-02-01 09:32:33.523  INFO 6724 --- [main] .s.d.r.c.RepositoryConfigurationDelegate : Finished Spring Data repository scanning in 26ms. Found 0 repository interfaces.
2019-02-01 09:32:34.110  INFO 6724 --- [main] trationDelegate$BeanPostProcessorChecker : Bean 'org.springframework.transaction.annotation.ProxyTransactionManagementConfiguration' of type [org.springframework.transaction.annotation.ProxyTransactionManagementConfiguration$$EnhancerBySpringCGLIB$$c15765a7] is not eligible for getting processed by all BeanPostProcessors (for example: not eligible for auto-proxying)
2019-02-01 09:32:34.589  INFO 6724 --- [main] o.s.b.w.embedded.tomcat.TomcatWebServer  : Tomcat initialized with port(s): 8080 (http)
2019-02-01 09:32:34.623  INFO 6724 --- [main] o.apache.catalina.core.StandardService   : Starting service [Tomcat]
2019-02-01 09:32:34.623  INFO 6724 --- [main] org.apache.catalina.core.StandardEngine  : Starting Servlet Engine: Apache Tomcat/9.0.12
2019-02-01 09:32:34.648  INFO 6724 --- [main] o.a.catalina.core.AprLifecycleListener   : The APR based Apache Tomcat Native library which allows optimal performance in production environments was not found on the java.library.path: [Y:\jdk1.8.0_25-x64\bin;C:\windows\Sun\Java\bin;C:\windows\system32;C:\windows;Y:\jdk1.8.0_25-x64\jre\bin;Y:/jdk1.8.0_25-x64/jre/bin/server;Y:/jdk1.8.0_25-x64/jre/bin;Y:/jdk1.8.0_25-x64/jre/lib/amd64;C:\ProgramData\Oracle\Java\javapath;C:\windows\system32;C:\windows;C:\windows\System32\Wbem;C:\windows\System32\WindowsPowerShell\v1.0\;C:\Program Files (x86)\Windows Kits\8.1\Windows Performance Toolkit\;C:\Program Files\Microsoft SQL Server\110\Tools\Binn\;C:\Program Files (x86)\Microsoft SDKs\TypeScript\1.0\;C:\Program Files\Microsoft SQL Server\120\Tools\Binn\;C:\Program Files\Git\cmd;C:\Program Files\nodejs\;Y:\jdk1.8.0_25-x64\bin;Y:\apache-maven-3.2.5\bin;Y:\apache-maven-3.2.5\bin;C:\Users\maximiliano.roselli\AppData\Roaming\npm;C:\Users\maximiliano.roselli\AppData\Local\Programs\Microsoft VS Code\bin;C:\windows\system32;;.]
2019-02-01 09:32:34.770  INFO 6724 --- [main] o.a.c.c.C.[Tomcat].[localhost].[/]       : Initializing Spring embedded WebApplicationContext
2019-02-01 09:32:34.771  INFO 6724 --- [main] o.s.web.context.ContextLoader            : Root WebApplicationContext: initialization completed in 2332 ms
2019-02-01 09:32:34.858  INFO 6724 --- [main] o.s.b.w.servlet.ServletRegistrationBean  : Servlet dispatcherServlet mapped to [/]
2019-02-01 09:32:34.871  INFO 6724 --- [main] o.s.b.w.servlet.FilterRegistrationBean   : Mapping filter: 'characterEncodingFilter' to: [/*]
2019-02-01 09:32:34.871  INFO 6724 --- [main] o.s.b.w.servlet.FilterRegistrationBean   : Mapping filter: 'hiddenHttpMethodFilter' to: [/*]
2019-02-01 09:32:34.871  INFO 6724 --- [main] o.s.b.w.servlet.FilterRegistrationBean   : Mapping filter: 'formContentFilter' to: [/*]
2019-02-01 09:32:34.872  INFO 6724 --- [main] o.s.b.w.servlet.FilterRegistrationBean   : Mapping filter: 'requestContextFilter' to: [/*]
2019-02-01 09:32:34.880  INFO 6724 --- [main] o.s.b.w.servlet.FilterRegistrationBean   : Mapping filter: 'CORSFilter' to: [/*]
2019-02-01 09:32:35.050  INFO 6724 --- [main] com.zaxxer.hikari.HikariDataSource       : HikariPool-1 - Starting...
2019-02-01 09:32:35.240  INFO 6724 --- [main] com.zaxxer.hikari.HikariDataSource       : HikariPool-1 - Start completed.
2019-02-01 09:32:36.634  INFO 6724 --- [main] j.LocalContainerEntityManagerFactoryBean : Initialized JPA EntityManagerFactory for persistence unit 'default'
2019-02-01 09:32:40.697  INFO 6724 --- [main] o.s.s.concurrent.ThreadPoolTaskExecutor  : Initializing ExecutorService 'applicationTaskExecutor'
2019-02-01 09:32:40.792  WARN 6724 --- [main] aWebConfiguration$JpaWebMvcConfiguration : spring.jpa.open-in-view is enabled by default. Therefore, database queries may be performed during view rendering. Explicitly configure spring.jpa.open-in-view to disable this warning
2019-02-01 09:32:41.096  INFO 6724 --- [main] o.s.s.c.ThreadPoolTaskScheduler          : Initializing ExecutorService
2019-02-01 09:32:41.157  INFO 6724 --- [main] o.s.b.w.embedded.tomcat.TomcatWebServer  : Tomcat started on port(s): 8080 (http) with context path ''
2019-02-01 09:32:41.174  INFO 6724 --- [main] c.e.restproyect.RestSimuganApplication   : Started RestSimuganApplication in 9.417 seconds (JVM running for 10.325)
2019-02-01 09:32:51.924  INFO 6724 --- [http-nio-8080-exec-1] o.a.c.c.C.[Tomcat].[localhost].[/]       : Initializing Spring DispatcherServlet 'dispatcherServlet'
2019-02-01 09:32:51.932  INFO 6724 --- [http-nio-8080-exec-1] o.s.web.servlet.DispatcherServlet        : Initializing Servlet 'dispatcherServlet'
2019-02-01 09:32:51.944  INFO 6724 --- [http-nio-8080-exec-1] o.s.web.servlet.DispatcherServlet        : Completed initialization in 12 ms
2019-02-01 09:32:52.445  INFO 6724 --- [http-nio-8080-exec-1] c.e.r.logicanegocio.GeneradorService     : Terminando generacion de potreros
2019-02-01 09:32:52.447  INFO 6724 --- [pool-1-thread-2] c.e.r.hilos.tareas.TareaDigestibilidad   : INICIO DE LA TAREA Tarea Digestibilidad [1] DEL THREAD [pool-1-thread-2]
2019-02-01 09:32:52.447  INFO 6724 --- [pool-1-thread-1] c.e.r.hilos.tareas.TareaDigestibilidad   : INICIO DE LA TAREA Tarea Digestibilidad [0] DEL THREAD [pool-1-thread-1]
2019-02-01 09:32:52.459  INFO 6724 --- [pool-1-thread-1] c.e.r.hilos.tareas.TareaDigestibilidad   : Variacion numero[0] de la tarea numero [0] con el Thread [pool-1-thread-1]
2019-02-01 09:32:52.459  INFO 6724 --- [pool-1-thread-2] c.e.r.hilos.tareas.TareaDigestibilidad   : Variacion numero[0] de la tarea numero [1] con el Thread [pool-1-thread-2]
2019-02-01 09:32:52.469  INFO 6724 --- [pool-1-thread-1] c.e.r.hilos.tareas.TareaDigestibilidad   : Variacion numero[0] de la tarea numero [0] con el Thread [pool-1-thread-1]
2019-02-01 09:32:52.469  INFO 6724 --- [pool-1-thread-2] c.e.r.hilos.tareas.TareaDigestibilidad   : Variacion numero[0] de la tarea numero [1] con el Thread [pool-1-thread-2]
2019-02-01 09:32:52.477  INFO 6724 --- [pool-1-thread-1] c.e.r.hilos.tareas.TareaDigestibilidad   : Variacion numero[1] de la tarea numero [0] con el Thread [pool-1-thread-1]
2019-02-01 09:32:52.478  INFO 6724 --- [pool-1-thread-2] c.e.r.hilos.tareas.TareaDigestibilidad   : Variacion numero[1] de la tarea numero [1] con el Thread [pool-1-thread-2]
2019-02-01 09:32:52.485  INFO 6724 --- [pool-1-thread-1] c.e.r.hilos.tareas.TareaDigestibilidad   : Variacion numero[1] de la tarea numero [0] con el Thread [pool-1-thread-1]
2019-02-01 09:32:52.485  INFO 6724 --- [pool-1-thread-2] c.e.r.hilos.tareas.TareaDigestibilidad   : Variacion numero[1] de la tarea numero [1] con el Thread [pool-1-thread-2]
2019-02-01 09:32:52.486 DEBUG 6724 --- [pool-1-thread-2] c.e.r.hilos.tareas.TareaDigestibilidad   : FIN DE LA TAREA [1] DEL THREAD [pool-1-thread-2]
2019-02-01 09:32:52.486 DEBUG 6724 --- [pool-1-thread-1] c.e.r.hilos.tareas.TareaDigestibilidad   : FIN DE LA TAREA [0] DEL THREAD [pool-1-thread-1]
2019-02-01 09:32:52.500  INFO 6724 --- [http-nio-8080-exec-1] c.e.r.logicanegocio.GeneradorService     : Terminando generacion de Diferido en[0.0] segundos
2019-02-01 09:32:52.504 DEBUG 6724 --- [pool-2-thread-2] c.e.r.hilos.tareas.TareaEngorde          : INICIO DE LA TAREA Tarea Engorde [1] DEL THREAD [pool-2-thread-2]
2019-02-01 09:32:52.504 DEBUG 6724 --- [pool-2-thread-1] c.e.r.hilos.tareas.TareaEngorde          : INICIO DE LA TAREA Tarea Engorde [0] DEL THREAD [pool-2-thread-1]
2019-02-01 09:32:52.506 DEBUG 6724 --- [pool-2-thread-4] c.e.r.hilos.tareas.TareaEngorde          : INICIO DE LA TAREA Tarea Engorde [3] DEL THREAD [pool-2-thread-4]
2019-02-01 09:32:52.511 DEBUG 6724 --- [pool-2-thread-3] c.e.r.hilos.tareas.TareaEngorde          : INICIO DE LA TAREA Tarea Engorde [2] DEL THREAD [pool-2-thread-3]
2019-02-01 09:32:52.515 DEBUG 6724 --- [pool-2-thread-2] c.e.r.hilos.tareas.TareaEngorde          : Variacion numero[0] de la tarea numero [1] con el Thread [pool-2-thread-2]
2019-02-01 09:32:52.516 DEBUG 6724 --- [pool-2-thread-1] c.e.r.hilos.tareas.TareaEngorde          : Variacion numero[0] de la tarea numero [0] con el Thread [pool-2-thread-1]
2019-02-01 09:32:52.522 DEBUG 6724 --- [pool-2-thread-2] c.e.r.hilos.tareas.TareaEngorde          : Variacion numero[1] de la tarea numero [1] con el Thread [pool-2-thread-2]
2019-02-01 09:32:52.519 DEBUG 6724 --- [pool-2-thread-4] c.e.r.hilos.tareas.TareaEngorde          : Variacion numero[0] de la tarea numero [3] con el Thread [pool-2-thread-4]
2019-02-01 09:32:52.527 DEBUG 6724 --- [pool-2-thread-2] c.e.r.hilos.tareas.TareaEngorde          : FIN DE LA TAREA [1] DEL THREAD [pool-2-thread-2]
2019-02-01 09:32:52.520 DEBUG 6724 --- [pool-2-thread-3] c.e.r.hilos.tareas.TareaEngorde          : Variacion numero[0] de la tarea numero [2] con el Thread [pool-2-thread-3]
2019-02-01 09:32:52.534 DEBUG 6724 --- [pool-2-thread-4] c.e.r.hilos.tareas.TareaEngorde          : Variacion numero[1] de la tarea numero [3] con el Thread [pool-2-thread-4]
2019-02-01 09:32:52.534 DEBUG 6724 --- [pool-2-thread-1] c.e.r.hilos.tareas.TareaEngorde          : Variacion numero[1] de la tarea numero [0] con el Thread [pool-2-thread-1]
2019-02-01 09:32:52.534 DEBUG 6724 --- [pool-2-thread-1] c.e.r.hilos.tareas.TareaEngorde          : FIN DE LA TAREA [0] DEL THREAD [pool-2-thread-1]
2019-02-01 09:32:52.534 DEBUG 6724 --- [pool-2-thread-4] c.e.r.hilos.tareas.TareaEngorde          : FIN DE LA TAREA [3] DEL THREAD [pool-2-thread-4]
2019-02-01 09:32:52.535 DEBUG 6724 --- [pool-2-thread-3] c.e.r.hilos.tareas.TareaEngorde          : Variacion numero[1] de la tarea numero [2] con el Thread [pool-2-thread-3]
2019-02-01 09:32:52.535 DEBUG 6724 --- [pool-2-thread-3] c.e.r.hilos.tareas.TareaEngorde          : FIN DE LA TAREA [2] DEL THREAD [pool-2-thread-3]
2019-02-01 09:32:52.535  INFO 6724 --- [http-nio-8080-exec-1] c.e.r.logicanegocio.GeneradorService     : Terminando generacion de engorde [0.0] segundos
2019-02-01 09:32:52.535  INFO 6724 --- [http-nio-8080-exec-1] c.e.r.logicanegocio.GeneradorService     : Terminando la generacion de [8] escenarios
